<?xml version="1.0" encoding="UTF-8"?>
<!-- Generated by org.testng.reporters.JUnitReportReporter -->
<testsuite hostname="vinkalyani" failures="1" tests="4" name="testrunners.MyTestRunner" time="41.473" errors="0" timestamp="2024-09-07T08:00:35 IST" skipped="0">
  <testcase classname="testrunners.MyTestRunner" name="runScenario" time="5.388"/>
  <system-out/>
  <testcase classname="testrunners.MyTestRunner" name="runScenario" time="6.583"/>
  <system-out/>
  <testcase classname="testrunners.MyTestRunner" name="runScenario" time="7.821">
    <failure message="expected [true] but found [false]" type="java.lang.AssertionError">
      <![CDATA[java.lang.AssertionError: expected [true] but found [false]
at org.testng.Assert.fail(Assert.java:99)
at org.testng.Assert.failNotEquals(Assert.java:1037)
at org.testng.Assert.assertTrue(Assert.java:45)
at org.testng.Assert.assertTrue(Assert.java:55)
at ecommerce@0.0.1-SNAPSHOT/stepdefinitions.AccountsPageSteps.user_gets_accounts_section(AccountsPageSteps.java:45)
at âœ½.user gets accounts section(file:///C:/Users/venka/eclipse-workspace/ecommerce/src/test/resources/apfeatures/AccountsPage.feature:18)
]]>
    </failure>
  </testcase> <!-- runScenario -->
  <system-out/>
  <testcase classname="testrunners.MyTestRunner" name="runScenario" time="21.681"/>
  <system-out/>
</testsuite> <!-- testrunners.MyTestRunner -->
