<?xml version="1.0" encoding="UTF-8"?>
<!-- Generated by org.testng.reporters.JUnitReportReporter -->
<testsuite hostname="vinkalyani" failures="1" tests="4" name="testrunners.MyTestRunner" time="42.674" errors="0" timestamp="2024-08-22T16:12:40 IST" skipped="0">
  <testcase classname="testrunners.MyTestRunner" name="runScenario" time="10.185">
    <failure message="expected [true] but found [false]" type="java.lang.AssertionError">
      <![CDATA[java.lang.AssertionError: expected [true] but found [false]
at org.testng.Assert.fail(Assert.java:111)
at org.testng.Assert.failNotEquals(Assert.java:1578)
at org.testng.Assert.assertTrue(Assert.java:57)
at org.testng.Assert.assertTrue(Assert.java:67)
at stepdefinitions.AccountsPageSteps.user_gets_accounts_section(AccountsPageSteps.java:45)
at âœ½.user gets accounts section(file:///C:/Users/venka/eclipse-workspace/ecommerce/src/test/resources/apfeatures/AccountsPage.feature:18)
]]>
    </failure>
  </testcase> <!-- runScenario -->
  <testcase classname="testrunners.MyTestRunner" name="runScenario" time="7.130"/>
  <testcase classname="testrunners.MyTestRunner" name="runScenario" time="15.564"/>
  <testcase classname="testrunners.MyTestRunner" name="runScenario" time="9.795"/>
</testsuite> <!-- testrunners.MyTestRunner -->
